Started GET "/" for ::1 at 2019-05-05 03:23:15 +0900
Processing by Rails::WelcomeController#index as HTML
  Rendering /Users/mac/.rvm/gems/ruby-2.3.0/gems/railties-5.2.3/lib/rails/templates/rails/welcome/index.html.erb
  Rendered /Users/mac/.rvm/gems/ruby-2.3.0/gems/railties-5.2.3/lib/rails/templates/rails/welcome/index.html.erb (6.0ms)
Completed 200 OK in 26ms (Views: 14.8ms | ActiveRecord: 0.0ms)


Started GET "/" for ::1 at 2019-05-05 03:23:28 +0900
Processing by Rails::WelcomeController#index as HTML
  Rendering /Users/mac/.rvm/gems/ruby-2.3.0/gems/railties-5.2.3/lib/rails/templates/rails/welcome/index.html.erb
  Rendered /Users/mac/.rvm/gems/ruby-2.3.0/gems/railties-5.2.3/lib/rails/templates/rails/welcome/index.html.erb (2.7ms)
Completed 200 OK in 8ms (Views: 5.1ms | ActiveRecord: 0.0ms)


Started GET "/index" for ::1 at 2019-05-05 03:23:29 +0900
  
ActionController::RoutingError (No route matches [GET] "/index"):
  
actionpack (5.2.3) lib/action_dispatch/middleware/debug_exceptions.rb:65:in `call'
web-console (3.7.0) lib/web_console/middleware.rb:135:in `call_app'
web-console (3.7.0) lib/web_console/middleware.rb:30:in `block in call'
web-console (3.7.0) lib/web_console/middleware.rb:20:in `catch'
web-console (3.7.0) lib/web_console/middleware.rb:20:in `call'
actionpack (5.2.3) lib/action_dispatch/middleware/show_exceptions.rb:33:in `call'
railties (5.2.3) lib/rails/rack/logger.rb:38:in `call_app'
railties (5.2.3) lib/rails/rack/logger.rb:26:in `block in call'
activesupport (5.2.3) lib/active_support/tagged_logging.rb:71:in `block in tagged'
activesupport (5.2.3) lib/active_support/tagged_logging.rb:28:in `tagged'
activesupport (5.2.3) lib/active_support/tagged_logging.rb:71:in `tagged'
railties (5.2.3) lib/rails/rack/logger.rb:26:in `call'
sprockets-rails (3.2.1) lib/sprockets/rails/quiet_assets.rb:13:in `call'
actionpack (5.2.3) lib/action_dispatch/middleware/remote_ip.rb:81:in `call'
actionpack (5.2.3) lib/action_dispatch/middleware/request_id.rb:27:in `call'
rack (2.0.7) lib/rack/method_override.rb:22:in `call'
rack (2.0.7) lib/rack/runtime.rb:22:in `call'
activesupport (5.2.3) lib/active_support/cache/strategy/local_cache_middleware.rb:29:in `call'
actionpack (5.2.3) lib/action_dispatch/middleware/executor.rb:14:in `call'
actionpack (5.2.3) lib/action_dispatch/middleware/static.rb:127:in `call'
rack (2.0.7) lib/rack/sendfile.rb:111:in `call'
railties (5.2.3) lib/rails/engine.rb:524:in `call'
puma (3.12.1) lib/puma/configuration.rb:227:in `call'
puma (3.12.1) lib/puma/server.rb:660:in `handle_request'
puma (3.12.1) lib/puma/server.rb:474:in `process_client'
puma (3.12.1) lib/puma/server.rb:334:in `block in run'
puma (3.12.1) lib/puma/thread_pool.rb:135:in `block in spawn_thread'
Started GET "/index" for ::1 at 2019-05-05 03:23:30 +0900
  
ActionController::RoutingError (No route matches [GET] "/index"):
  
actionpack (5.2.3) lib/action_dispatch/middleware/debug_exceptions.rb:65:in `call'
web-console (3.7.0) lib/web_console/middleware.rb:135:in `call_app'
web-console (3.7.0) lib/web_console/middleware.rb:30:in `block in call'
web-console (3.7.0) lib/web_console/middleware.rb:20:in `catch'
web-console (3.7.0) lib/web_console/middleware.rb:20:in `call'
actionpack (5.2.3) lib/action_dispatch/middleware/show_exceptions.rb:33:in `call'
railties (5.2.3) lib/rails/rack/logger.rb:38:in `call_app'
railties (5.2.3) lib/rails/rack/logger.rb:26:in `block in call'
activesupport (5.2.3) lib/active_support/tagged_logging.rb:71:in `block in tagged'
activesupport (5.2.3) lib/active_support/tagged_logging.rb:28:in `tagged'
activesupport (5.2.3) lib/active_support/tagged_logging.rb:71:in `tagged'
railties (5.2.3) lib/rails/rack/logger.rb:26:in `call'
sprockets-rails (3.2.1) lib/sprockets/rails/quiet_assets.rb:13:in `call'
actionpack (5.2.3) lib/action_dispatch/middleware/remote_ip.rb:81:in `call'
actionpack (5.2.3) lib/action_dispatch/middleware/request_id.rb:27:in `call'
rack (2.0.7) lib/rack/method_override.rb:22:in `call'
rack (2.0.7) lib/rack/runtime.rb:22:in `call'
activesupport (5.2.3) lib/active_support/cache/strategy/local_cache_middleware.rb:29:in `call'
actionpack (5.2.3) lib/action_dispatch/middleware/executor.rb:14:in `call'
actionpack (5.2.3) lib/action_dispatch/middleware/static.rb:127:in `call'
rack (2.0.7) lib/rack/sendfile.rb:111:in `call'
railties (5.2.3) lib/rails/engine.rb:524:in `call'
puma (3.12.1) lib/puma/configuration.rb:227:in `call'
puma (3.12.1) lib/puma/server.rb:660:in `handle_request'
puma (3.12.1) lib/puma/server.rb:474:in `process_client'
puma (3.12.1) lib/puma/server.rb:334:in `block in run'
puma (3.12.1) lib/puma/thread_pool.rb:135:in `block in spawn_thread'
Started GET "/calendar/index" for ::1 at 2019-05-05 03:29:08 +0900
Processing by CalendarController#index as HTML
  Rendering calendar/index.html.erb within layouts/application
  Rendered calendar/index.html.erb within layouts/application (0.3ms)
Completed 200 OK in 1019ms (Views: 1017.2ms | ActiveRecord: 0.0ms)


  [1m[35m (0.4ms)[0m  [1m[34mSELECT sqlite_version(*)[0m
  ↳ bin/rails:9
  [1m[35m (2.7ms)[0m  [1m[35mCREATE TABLE "schema_migrations" ("version" varchar NOT NULL PRIMARY KEY)[0m
  ↳ bin/rails:9
  [1m[35m (0.9ms)[0m  [1m[35mCREATE TABLE "ar_internal_metadata" ("key" varchar NOT NULL PRIMARY KEY, "value" varchar, "created_at" datetime NOT NULL, "updated_at" datetime NOT NULL)[0m
  ↳ bin/rails:9
  [1m[35m (0.1ms)[0m  [1m[34mSELECT "schema_migrations"."version" FROM "schema_migrations" ORDER BY "schema_migrations"."version" ASC[0m
  ↳ bin/rails:9
Migrating to CreateEvents (20190504183308)
  [1m[35m (0.1ms)[0m  [1m[36mbegin transaction[0m
  ↳ bin/rails:9
  [1m[35m (0.4ms)[0m  [1m[35mCREATE TABLE "events" ("id" integer PRIMARY KEY AUTOINCREMENT NOT NULL, "title" varchar, "description" text, "start_date" datetime, "end_date" datetime, "created_at" datetime NOT NULL, "updated_at" datetime NOT NULL)[0m
  ↳ db/migrate/20190504183308_create_events.rb:3
  [1m[36mActiveRecord::SchemaMigration Create (0.2ms)[0m  [1m[32mINSERT INTO "schema_migrations" ("version") VALUES (?)[0m  [["version", "20190504183308"]]
  ↳ bin/rails:9
  [1m[35m (0.8ms)[0m  [1m[36mcommit transaction[0m
  ↳ bin/rails:9
  [1m[36mActiveRecord::InternalMetadata Load (0.2ms)[0m  [1m[34mSELECT  "ar_internal_metadata".* FROM "ar_internal_metadata" WHERE "ar_internal_metadata"."key" = ? LIMIT ?[0m  [["key", "environment"], ["LIMIT", 1]]
  ↳ bin/rails:9
  [1m[35m (0.1ms)[0m  [1m[36mbegin transaction[0m
  ↳ bin/rails:9
  [1m[36mActiveRecord::InternalMetadata Create (0.3ms)[0m  [1m[32mINSERT INTO "ar_internal_metadata" ("key", "value", "created_at", "updated_at") VALUES (?, ?, ?, ?)[0m  [["key", "environment"], ["value", "development"], ["created_at", "2019-05-04 18:33:18.248345"], ["updated_at", "2019-05-04 18:33:18.248345"]]
  ↳ bin/rails:9
  [1m[35m (0.7ms)[0m  [1m[36mcommit transaction[0m
  ↳ bin/rails:9
  [1m[35m (0.1ms)[0m  [1m[34mSELECT "schema_migrations"."version" FROM "schema_migrations" ORDER BY "schema_migrations"."version" ASC[0m
  ↳ bin/rails:9
Started GET "/calendar/index" for ::1 at 2019-05-05 03:39:43 +0900
  [1m[35m (0.2ms)[0m  [1m[34mSELECT "schema_migrations"."version" FROM "schema_migrations" ORDER BY "schema_migrations"."version" ASC[0m
  ↳ /Users/mac/.rvm/gems/ruby-2.3.0/gems/activerecord-5.2.3/lib/active_record/log_subscriber.rb:98
  
ActionController::RoutingError (No route matches [GET] "/calendar/index"):
  
actionpack (5.2.3) lib/action_dispatch/middleware/debug_exceptions.rb:65:in `call'
web-console (3.7.0) lib/web_console/middleware.rb:135:in `call_app'
web-console (3.7.0) lib/web_console/middleware.rb:30:in `block in call'
web-console (3.7.0) lib/web_console/middleware.rb:20:in `catch'
web-console (3.7.0) lib/web_console/middleware.rb:20:in `call'
actionpack (5.2.3) lib/action_dispatch/middleware/show_exceptions.rb:33:in `call'
railties (5.2.3) lib/rails/rack/logger.rb:38:in `call_app'
railties (5.2.3) lib/rails/rack/logger.rb:26:in `block in call'
activesupport (5.2.3) lib/active_support/tagged_logging.rb:71:in `block in tagged'
activesupport (5.2.3) lib/active_support/tagged_logging.rb:28:in `tagged'
activesupport (5.2.3) lib/active_support/tagged_logging.rb:71:in `tagged'
railties (5.2.3) lib/rails/rack/logger.rb:26:in `call'
sprockets-rails (3.2.1) lib/sprockets/rails/quiet_assets.rb:13:in `call'
actionpack (5.2.3) lib/action_dispatch/middleware/remote_ip.rb:81:in `call'
actionpack (5.2.3) lib/action_dispatch/middleware/request_id.rb:27:in `call'
rack (2.0.7) lib/rack/method_override.rb:22:in `call'
rack (2.0.7) lib/rack/runtime.rb:22:in `call'
activesupport (5.2.3) lib/active_support/cache/strategy/local_cache_middleware.rb:29:in `call'
actionpack (5.2.3) lib/action_dispatch/middleware/executor.rb:14:in `call'
actionpack (5.2.3) lib/action_dispatch/middleware/static.rb:127:in `call'
rack (2.0.7) lib/rack/sendfile.rb:111:in `call'
railties (5.2.3) lib/rails/engine.rb:524:in `call'
puma (3.12.1) lib/puma/configuration.rb:227:in `call'
puma (3.12.1) lib/puma/server.rb:660:in `handle_request'
puma (3.12.1) lib/puma/server.rb:474:in `process_client'
puma (3.12.1) lib/puma/server.rb:334:in `block in run'
puma (3.12.1) lib/puma/thread_pool.rb:135:in `block in spawn_thread'
Started GET "/index" for ::1 at 2019-05-05 03:40:00 +0900
  
ActionController::RoutingError (No route matches [GET] "/index"):
  
actionpack (5.2.3) lib/action_dispatch/middleware/debug_exceptions.rb:65:in `call'
web-console (3.7.0) lib/web_console/middleware.rb:135:in `call_app'
web-console (3.7.0) lib/web_console/middleware.rb:30:in `block in call'
web-console (3.7.0) lib/web_console/middleware.rb:20:in `catch'
web-console (3.7.0) lib/web_console/middleware.rb:20:in `call'
actionpack (5.2.3) lib/action_dispatch/middleware/show_exceptions.rb:33:in `call'
railties (5.2.3) lib/rails/rack/logger.rb:38:in `call_app'
railties (5.2.3) lib/rails/rack/logger.rb:26:in `block in call'
activesupport (5.2.3) lib/active_support/tagged_logging.rb:71:in `block in tagged'
activesupport (5.2.3) lib/active_support/tagged_logging.rb:28:in `tagged'
activesupport (5.2.3) lib/active_support/tagged_logging.rb:71:in `tagged'
railties (5.2.3) lib/rails/rack/logger.rb:26:in `call'
sprockets-rails (3.2.1) lib/sprockets/rails/quiet_assets.rb:13:in `call'
actionpack (5.2.3) lib/action_dispatch/middleware/remote_ip.rb:81:in `call'
actionpack (5.2.3) lib/action_dispatch/middleware/request_id.rb:27:in `call'
rack (2.0.7) lib/rack/method_override.rb:22:in `call'
rack (2.0.7) lib/rack/runtime.rb:22:in `call'
activesupport (5.2.3) lib/active_support/cache/strategy/local_cache_middleware.rb:29:in `call'
actionpack (5.2.3) lib/action_dispatch/middleware/executor.rb:14:in `call'
actionpack (5.2.3) lib/action_dispatch/middleware/static.rb:127:in `call'
rack (2.0.7) lib/rack/sendfile.rb:111:in `call'
railties (5.2.3) lib/rails/engine.rb:524:in `call'
puma (3.12.1) lib/puma/configuration.rb:227:in `call'
puma (3.12.1) lib/puma/server.rb:660:in `handle_request'
puma (3.12.1) lib/puma/server.rb:474:in `process_client'
puma (3.12.1) lib/puma/server.rb:334:in `block in run'
puma (3.12.1) lib/puma/thread_pool.rb:135:in `block in spawn_thread'
Started GET "/index" for ::1 at 2019-05-05 03:40:00 +0900
  
ActionController::RoutingError (No route matches [GET] "/index"):
  
actionpack (5.2.3) lib/action_dispatch/middleware/debug_exceptions.rb:65:in `call'
web-console (3.7.0) lib/web_console/middleware.rb:135:in `call_app'
web-console (3.7.0) lib/web_console/middleware.rb:30:in `block in call'
web-console (3.7.0) lib/web_console/middleware.rb:20:in `catch'
web-console (3.7.0) lib/web_console/middleware.rb:20:in `call'
actionpack (5.2.3) lib/action_dispatch/middleware/show_exceptions.rb:33:in `call'
railties (5.2.3) lib/rails/rack/logger.rb:38:in `call_app'
railties (5.2.3) lib/rails/rack/logger.rb:26:in `block in call'
activesupport (5.2.3) lib/active_support/tagged_logging.rb:71:in `block in tagged'
activesupport (5.2.3) lib/active_support/tagged_logging.rb:28:in `tagged'
activesupport (5.2.3) lib/active_support/tagged_logging.rb:71:in `tagged'
railties (5.2.3) lib/rails/rack/logger.rb:26:in `call'
sprockets-rails (3.2.1) lib/sprockets/rails/quiet_assets.rb:13:in `call'
actionpack (5.2.3) lib/action_dispatch/middleware/remote_ip.rb:81:in `call'
actionpack (5.2.3) lib/action_dispatch/middleware/request_id.rb:27:in `call'
rack (2.0.7) lib/rack/method_override.rb:22:in `call'
rack (2.0.7) lib/rack/runtime.rb:22:in `call'
activesupport (5.2.3) lib/active_support/cache/strategy/local_cache_middleware.rb:29:in `call'
actionpack (5.2.3) lib/action_dispatch/middleware/executor.rb:14:in `call'
actionpack (5.2.3) lib/action_dispatch/middleware/static.rb:127:in `call'
rack (2.0.7) lib/rack/sendfile.rb:111:in `call'
railties (5.2.3) lib/rails/engine.rb:524:in `call'
puma (3.12.1) lib/puma/configuration.rb:227:in `call'
puma (3.12.1) lib/puma/server.rb:660:in `handle_request'
puma (3.12.1) lib/puma/server.rb:474:in `process_client'
puma (3.12.1) lib/puma/server.rb:334:in `block in run'
puma (3.12.1) lib/puma/thread_pool.rb:135:in `block in spawn_thread'
Started GET "/index" for ::1 at 2019-05-05 03:40:07 +0900
  
ActionController::RoutingError (No route matches [GET] "/index"):
  
actionpack (5.2.3) lib/action_dispatch/middleware/debug_exceptions.rb:65:in `call'
web-console (3.7.0) lib/web_console/middleware.rb:135:in `call_app'
web-console (3.7.0) lib/web_console/middleware.rb:30:in `block in call'
web-console (3.7.0) lib/web_console/middleware.rb:20:in `catch'
web-console (3.7.0) lib/web_console/middleware.rb:20:in `call'
actionpack (5.2.3) lib/action_dispatch/middleware/show_exceptions.rb:33:in `call'
railties (5.2.3) lib/rails/rack/logger.rb:38:in `call_app'
railties (5.2.3) lib/rails/rack/logger.rb:26:in `block in call'
activesupport (5.2.3) lib/active_support/tagged_logging.rb:71:in `block in tagged'
activesupport (5.2.3) lib/active_support/tagged_logging.rb:28:in `tagged'
activesupport (5.2.3) lib/active_support/tagged_logging.rb:71:in `tagged'
railties (5.2.3) lib/rails/rack/logger.rb:26:in `call'
sprockets-rails (3.2.1) lib/sprockets/rails/quiet_assets.rb:13:in `call'
actionpack (5.2.3) lib/action_dispatch/middleware/remote_ip.rb:81:in `call'
actionpack (5.2.3) lib/action_dispatch/middleware/request_id.rb:27:in `call'
rack (2.0.7) lib/rack/method_override.rb:22:in `call'
rack (2.0.7) lib/rack/runtime.rb:22:in `call'
activesupport (5.2.3) lib/active_support/cache/strategy/local_cache_middleware.rb:29:in `call'
actionpack (5.2.3) lib/action_dispatch/middleware/executor.rb:14:in `call'
actionpack (5.2.3) lib/action_dispatch/middleware/static.rb:127:in `call'
rack (2.0.7) lib/rack/sendfile.rb:111:in `call'
railties (5.2.3) lib/rails/engine.rb:524:in `call'
puma (3.12.1) lib/puma/configuration.rb:227:in `call'
puma (3.12.1) lib/puma/server.rb:660:in `handle_request'
puma (3.12.1) lib/puma/server.rb:474:in `process_client'
puma (3.12.1) lib/puma/server.rb:334:in `block in run'
puma (3.12.1) lib/puma/thread_pool.rb:135:in `block in spawn_thread'
Started GET "/" for ::1 at 2019-05-05 03:40:07 +0900
Processing by EventsController#index as HTML
  Rendering events/index.html.erb within layouts/application
  [1m[36mEvent Load (0.2ms)[0m  [1m[34mSELECT "events".* FROM "events"[0m
  ↳ app/views/events/index.html.erb:17
  Rendered events/index.html.erb within layouts/application (2.6ms)
Started GET "/" for ::1 at 2019-05-05 03:40:08 +0900
Processing by EventsController#index as HTML
  Rendering events/index.html.erb within layouts/application
  [1m[36mEvent Load (0.2ms)[0m  [1m[34mSELECT "events".* FROM "events"[0m
  ↳ app/views/events/index.html.erb:17
  Rendered events/index.html.erb within layouts/application (2.1ms)
Completed 200 OK in 373ms (Views: 368.1ms | ActiveRecord: 0.5ms)


Completed 200 OK in 217ms (Views: 214.2ms | ActiveRecord: 0.2ms)


Started GET "/events/new" for ::1 at 2019-05-05 03:40:11 +0900
Processing by EventsController#new as HTML
  Rendering events/new.html.erb within layouts/application
  Rendered events/_form.html.erb (34.2ms)
  Rendered events/new.html.erb within layouts/application (36.2ms)
Completed 200 OK in 107ms (Views: 91.4ms | ActiveRecord: 0.7ms)


Started POST "/events" for ::1 at 2019-05-05 03:40:47 +0900
Processing by EventsController#create as HTML
  Parameters: {"utf8"=>"✓", "authenticity_token"=>"KWiKdtRLBl5f5XJ2j2pB0LimZMlk1oJ+i2TyjgCmjkrTMKtLl2iVdlN7hJ7mM57Q4+7PWvcZ0R4c+7BTia5PUQ==", "event"=>{"title"=>"toe", "description"=>"023", "start_date(1i)"=>"2019", "start_date(2i)"=>"5", "start_date(3i)"=>"4", "start_date(4i)"=>"18", "start_date(5i)"=>"40", "end_date(1i)"=>"2019", "end_date(2i)"=>"5", "end_date(3i)"=>"4", "end_date(4i)"=>"19", "end_date(5i)"=>"40"}, "commit"=>"Create Event"}
  [1m[35m (0.1ms)[0m  [1m[36mbegin transaction[0m
  ↳ app/controllers/events_controller.rb:30
  [1m[36mEvent Create (0.5ms)[0m  [1m[32mINSERT INTO "events" ("title", "description", "start_date", "end_date", "created_at", "updated_at") VALUES (?, ?, ?, ?, ?, ?)[0m  [["title", "toe"], ["description", "023"], ["start_date", "2019-05-04 18:40:00"], ["end_date", "2019-05-04 19:40:00"], ["created_at", "2019-05-04 18:40:47.608932"], ["updated_at", "2019-05-04 18:40:47.608932"]]
  ↳ app/controllers/events_controller.rb:30
  [1m[35m (0.7ms)[0m  [1m[36mcommit transaction[0m
  ↳ app/controllers/events_controller.rb:30
Redirected to http://localhost:3000/events/1
Completed 302 Found in 7ms (ActiveRecord: 1.2ms)


Started GET "/events/1" for ::1 at 2019-05-05 03:40:47 +0900
Processing by EventsController#show as HTML
  Parameters: {"id"=>"1"}
  [1m[36mEvent Load (0.3ms)[0m  [1m[34mSELECT  "events".* FROM "events" WHERE "events"."id" = ? LIMIT ?[0m  [["id", 1], ["LIMIT", 1]]
  ↳ app/controllers/events_controller.rb:67
  Rendering events/show.html.erb within layouts/application
  Rendered events/show.html.erb within layouts/application (2.0ms)
Completed 200 OK in 47ms (Views: 39.0ms | ActiveRecord: 0.3ms)


Started GET "/events" for ::1 at 2019-05-05 03:40:58 +0900
Processing by EventsController#index as HTML
  Rendering events/index.html.erb within layouts/application
  [1m[36mEvent Load (0.1ms)[0m  [1m[34mSELECT "events".* FROM "events"[0m
  ↳ app/views/events/index.html.erb:17
  Rendered events/index.html.erb within layouts/application (1.9ms)
Completed 200 OK in 34ms (Views: 31.6ms | ActiveRecord: 0.1ms)


Started GET "/events/1" for ::1 at 2019-05-05 03:41:03 +0900
Processing by EventsController#show as HTML
  Parameters: {"id"=>"1"}
  [1m[36mEvent Load (0.2ms)[0m  [1m[34mSELECT  "events".* FROM "events" WHERE "events"."id" = ? LIMIT ?[0m  [["id", 1], ["LIMIT", 1]]
  ↳ app/controllers/events_controller.rb:67
  Rendering events/show.html.erb within layouts/application
  Rendered events/show.html.erb within layouts/application (0.9ms)
Completed 200 OK in 40ms (Views: 36.8ms | ActiveRecord: 0.2ms)


Started GET "/events" for ::1 at 2019-05-05 03:41:04 +0900
Processing by EventsController#index as HTML
  Rendering events/index.html.erb within layouts/application
  [1m[36mEvent Load (0.2ms)[0m  [1m[34mSELECT "events".* FROM "events"[0m
  ↳ app/views/events/index.html.erb:17
  Rendered events/index.html.erb within layouts/application (2.4ms)
Completed 200 OK in 56ms (Views: 53.7ms | ActiveRecord: 0.2ms)


Started GET "/events" for ::1 at 2019-05-05 03:42:34 +0900
Processing by EventsController#index as HTML
  Rendering events/index.html.erb within layouts/application
  [1m[36mEvent Load (0.1ms)[0m  [1m[34mSELECT "events".* FROM "events"[0m
  ↳ app/views/events/index.html.erb:17
  Rendered events/index.html.erb within layouts/application (1.5ms)
Completed 200 OK in 28ms (Views: 26.0ms | ActiveRecord: 0.1ms)


Started GET "/events" for ::1 at 2019-05-05 03:44:11 +0900
Processing by EventsController#index as HTML
  Rendering events/index.html.erb within layouts/application
  [1m[36mEvent Load (0.2ms)[0m  [1m[34mSELECT "events".* FROM "events"[0m
  ↳ app/views/events/index.html.erb:17
  Rendered events/index.html.erb within layouts/application (2.1ms)
Completed 200 OK in 49ms (Views: 46.6ms | ActiveRecord: 0.2ms)


Started GET "/events/new" for ::1 at 2019-05-05 03:44:13 +0900
Processing by EventsController#new as HTML
  Rendering events/new.html.erb within layouts/application
  Rendered events/_form.html.erb (6.5ms)
  Rendered events/new.html.erb within layouts/application (9.0ms)
Completed 200 OK in 48ms (Views: 45.6ms | ActiveRecord: 0.0ms)


Started GET "/events" for ::1 at 2019-05-05 03:44:15 +0900
Processing by EventsController#index as HTML
  Rendering events/index.html.erb within layouts/application
  [1m[36mEvent Load (0.2ms)[0m  [1m[34mSELECT "events".* FROM "events"[0m
  ↳ app/views/events/index.html.erb:17
  Rendered events/index.html.erb within layouts/application (2.7ms)
Completed 200 OK in 47ms (Views: 44.5ms | ActiveRecord: 0.2ms)


Started GET "/events" for ::1 at 2019-05-05 03:45:02 +0900
Started GET "/events/new" for ::1 at 2019-05-05 03:45:02 +0900
Started GET "/events" for ::1 at 2019-05-05 03:45:02 +0900
Processing by EventsController#index as HTML
Processing by EventsController#new as HTML
Processing by EventsController#index as HTML
  Rendering events/index.html.erb within layouts/application
  [1m[36mEvent Load (0.1ms)[0m  [1m[34mSELECT "events".* FROM "events"[0m
  Rendering events/new.html.erb within layouts/application
  ↳ app/views/events/index.html.erb:17
  Rendered events/_form.html.erb (5.7ms)
  Rendering events/index.html.erb within layouts/application
  Rendered events/index.html.erb within layouts/application (11.8ms)
  Rendered events/new.html.erb within layouts/application (10.8ms)
  [1m[36mEvent Load (0.1ms)[0m  [1m[34mSELECT "events".* FROM "events"[0m
  ↳ app/views/events/index.html.erb:17
  Rendered events/index.html.erb within layouts/application (12.0ms)
Completed 200 OK in 110ms (Views: 105.9ms | ActiveRecord: 0.1ms)


Completed 200 OK in 115ms (Views: 112.0ms | ActiveRecord: 0.1ms)


Completed 200 OK in 122ms (Views: 118.5ms | ActiveRecord: 0.0ms)


Started GET "/events" for ::1 at 2019-05-05 03:46:17 +0900
Processing by EventsController#index as HTML
Started GET "/events/new" for ::1 at 2019-05-05 03:46:17 +0900
Started GET "/events" for ::1 at 2019-05-05 03:46:17 +0900
Processing by EventsController#new as HTML
Processing by EventsController#index as HTML
  Rendering events/new.html.erb within layouts/application
  Rendering events/index.html.erb within layouts/application
  [1m[36mEvent Load (0.1ms)[0m  [1m[34mSELECT "events".* FROM "events"[0m
  ↳ app/views/events/index.html.erb:17
  Rendered events/_form.html.erb (7.2ms)
  Rendered events/index.html.erb within layouts/application (13.4ms)
  Rendered events/new.html.erb within layouts/application (15.5ms)
  Rendering events/index.html.erb within layouts/application
  [1m[36mEvent Load (0.1ms)[0m  [1m[34mSELECT "events".* FROM "events"[0m
  ↳ app/views/events/index.html.erb:17
  Rendered events/index.html.erb within layouts/application (2.7ms)
Completed 200 OK in 105ms (Views: 93.5ms | ActiveRecord: 0.1ms)


Completed 200 OK in 113ms (Views: 111.5ms | ActiveRecord: 0.0ms)


Completed 200 OK in 122ms (Views: 113.1ms | ActiveRecord: 0.1ms)


Started GET "/events" for ::1 at 2019-05-05 03:53:52 +0900
Started GET "/events/new" for ::1 at 2019-05-05 03:53:52 +0900
Processing by EventsController#index as HTML
Started GET "/events" for ::1 at 2019-05-05 03:53:52 +0900
Processing by EventsController#new as HTML
Processing by EventsController#index as HTML
  Rendering events/index.html.erb within layouts/application
  [1m[36mEvent Load (0.2ms)[0m  [1m[34mSELECT "events".* FROM "events"[0m
  Rendering events/new.html.erb within layouts/application
  Rendering events/index.html.erb within layouts/application
  ↳ app/views/events/index.html.erb:17
  [1m[36mEvent Load (0.2ms)[0m  [1m[34mSELECT "events".* FROM "events"[0m
  Rendered events/index.html.erb within layouts/application (5.0ms)
  ↳ app/views/events/index.html.erb:17
  Rendered events/_form.html.erb (6.8ms)
  Rendered events/new.html.erb within layouts/application (13.7ms)
  Rendered events/index.html.erb within layouts/application (11.9ms)
Completed 200 OK in 134ms (Views: 124.6ms | ActiveRecord: 0.0ms)


Completed 200 OK in 133ms (Views: 130.5ms | ActiveRecord: 0.2ms)


Completed 200 OK in 143ms (Views: 137.5ms | ActiveRecord: 0.2ms)


Started GET "/events" for ::1 at 2019-05-05 03:56:11 +0900
Processing by EventsController#index as HTML
Started GET "/events/new" for ::1 at 2019-05-05 03:56:11 +0900
Processing by EventsController#new as HTML
Started GET "/events" for ::1 at 2019-05-05 03:56:11 +0900
Processing by EventsController#index as HTML
  Rendering events/index.html.erb within layouts/application
  [1m[36mEvent Load (0.1ms)[0m  [1m[34mSELECT "events".* FROM "events"[0m
  ↳ app/views/events/index.html.erb:17
  Rendering events/index.html.erb within layouts/application
  Rendering events/new.html.erb within layouts/application
  Rendered events/index.html.erb within layouts/application (6.8ms)
  [1m[36mEvent Load (0.2ms)[0m  [1m[34mSELECT "events".* FROM "events"[0m
  Rendered events/_form.html.erb (6.0ms)
  ↳ app/views/events/index.html.erb:17
  Rendered events/new.html.erb within layouts/application (12.4ms)
  Rendered events/index.html.erb within layouts/application (14.3ms)
Completed 200 OK in 102ms (Views: 94.1ms | ActiveRecord: 0.0ms)


Completed 200 OK in 109ms (Views: 106.7ms | ActiveRecord: 0.1ms)


Completed 200 OK in 107ms (Views: 104.3ms | ActiveRecord: 0.2ms)


Started GET "/events" for ::1 at 2019-05-05 03:56:14 +0900
Started GET "/events/new" for ::1 at 2019-05-05 03:56:14 +0900
Processing by EventsController#index as HTML
Processing by EventsController#new as HTML
Started GET "/events" for ::1 at 2019-05-05 03:56:14 +0900
Processing by EventsController#index as HTML
  Rendering events/index.html.erb within layouts/application
  [1m[36mEvent Load (0.1ms)[0m  [1m[34mSELECT "events".* FROM "events"[0m
  Rendering events/new.html.erb within layouts/application
  ↳ app/views/events/index.html.erb:17
  Rendering events/index.html.erb within layouts/application
  Rendered events/index.html.erb within layouts/application (6.4ms)
  Rendered events/_form.html.erb (6.0ms)
  [1m[36mEvent Load (0.1ms)[0m  [1m[34mSELECT "events".* FROM "events"[0m
  Rendered events/new.html.erb within layouts/application (11.2ms)
  ↳ app/views/events/index.html.erb:17
  Rendered events/index.html.erb within layouts/application (9.0ms)
Completed 200 OK in 113ms (Views: 109.1ms | ActiveRecord: 0.0ms)


Completed 200 OK in 116ms (Views: 109.8ms | ActiveRecord: 0.1ms)


Completed 200 OK in 128ms (Views: 126.4ms | ActiveRecord: 0.1ms)


Started GET "/events" for ::1 at 2019-05-05 03:56:44 +0900
Processing by EventsController#index as HTML
Started GET "/events" for ::1 at 2019-05-05 03:56:44 +0900
Processing by EventsController#index as HTML
Started GET "/events/new" for ::1 at 2019-05-05 03:56:44 +0900
Processing by EventsController#new as HTML
  Rendering events/index.html.erb within layouts/application
  Rendering events/index.html.erb within layouts/application
  [1m[36mEvent Load (0.2ms)[0m  [1m[34mSELECT "events".* FROM "events"[0m
  [1m[36mEvent Load (0.1ms)[0m  [1m[34mSELECT "events".* FROM "events"[0m
  Rendering events/new.html.erb within layouts/application
  ↳ app/views/events/index.html.erb:17
  ↳ app/views/events/index.html.erb:17
  Rendered events/index.html.erb within layouts/application (10.7ms)
  Rendered events/_form.html.erb (9.6ms)
  Rendered events/index.html.erb within layouts/application (15.8ms)
  Rendered events/new.html.erb within layouts/application (17.1ms)
Completed 200 OK in 106ms (Views: 99.8ms | ActiveRecord: 0.1ms)


Completed 200 OK in 115ms (Views: 112.5ms | ActiveRecord: 0.2ms)


Completed 200 OK in 115ms (Views: 112.2ms | ActiveRecord: 0.0ms)


Started GET "/events" for ::1 at 2019-05-05 03:58:12 +0900
Processing by EventsController#index as HTML
Started GET "/events" for ::1 at 2019-05-05 03:58:12 +0900
Processing by EventsController#index as HTML
Started GET "/events/new" for ::1 at 2019-05-05 03:58:12 +0900
  Rendering events/index.html.erb within layouts/application
  Rendering events/index.html.erb within layouts/application
Processing by EventsController#new as HTML
  [1m[36mEvent Load (0.1ms)[0m  [1m[34mSELECT "events".* FROM "events"[0m
  [1m[36mEvent Load (0.1ms)[0m  [1m[34mSELECT "events".* FROM "events"[0m
  ↳ app/views/events/index.html.erb:17
  Rendering events/new.html.erb within layouts/application
  ↳ app/views/events/index.html.erb:17
  Rendered events/index.html.erb within layouts/application (7.9ms)
  Rendered events/index.html.erb within layouts/application (9.3ms)
  Rendered events/_form.html.erb (5.6ms)
  Rendered events/new.html.erb within layouts/application (12.9ms)
Completed 200 OK in 277ms (Views: 275.7ms | ActiveRecord: 0.0ms)


Completed 200 OK in 307ms (Views: 301.7ms | ActiveRecord: 0.1ms)


Completed 200 OK in 327ms (Views: 320.1ms | ActiveRecord: 0.1ms)


Started GET "/events" for ::1 at 2019-05-05 04:00:14 +0900
Started GET "/events" for ::1 at 2019-05-05 04:00:14 +0900
Started GET "/events/new" for ::1 at 2019-05-05 04:00:14 +0900
Processing by EventsController#index as HTML
Processing by EventsController#index as HTML
Processing by EventsController#new as HTML
  Rendering events/index.html.erb within layouts/application
  Rendering events/index.html.erb within layouts/application
  [1m[36mEvent Load (0.1ms)[0m  [1m[34mSELECT "events".* FROM "events"[0m
  [1m[36mEvent Load (0.1ms)[0m  [1m[34mSELECT "events".* FROM "events"[0m
  Rendering events/new.html.erb within layouts/application
  ↳ app/views/events/index.html.erb:17
  ↳ app/views/events/index.html.erb:17
  Rendered events/_form.html.erb (5.4ms)
  Rendered events/index.html.erb within layouts/application (13.1ms)
  Rendered events/index.html.erb within layouts/application (10.5ms)
  Rendered events/new.html.erb within layouts/application (9.0ms)
Completed 200 OK in 308ms (Views: 306.0ms | ActiveRecord: 0.1ms)


Completed 200 OK in 350ms (Views: 347.8ms | ActiveRecord: 0.1ms)


Completed 200 OK in 402ms (Views: 400.7ms | ActiveRecord: 0.0ms)


Started GET "/events" for ::1 at 2019-05-05 04:00:53 +0900
Processing by EventsController#index as HTML
  Rendering events/index.html.erb within layouts/application
  [1m[36mEvent Load (0.1ms)[0m  [1m[34mSELECT "events".* FROM "events"[0m
  ↳ app/views/events/index.html.erb:17
  Rendered events/index.html.erb within layouts/application (2.1ms)
Completed 200 OK in 200ms (Views: 198.2ms | ActiveRecord: 0.1ms)


Started GET "/events" for ::1 at 2019-05-05 04:01:00 +0900
Processing by EventsController#index as HTML
  Rendering events/index.html.erb within layouts/application
  [1m[36mEvent Load (0.2ms)[0m  [1m[34mSELECT "events".* FROM "events"[0m
  ↳ app/views/events/index.html.erb:17
  Rendered events/index.html.erb within layouts/application (3.4ms)
Completed 200 OK in 53ms (Views: 51.1ms | ActiveRecord: 0.2ms)


Started GET "/events" for ::1 at 2019-05-05 04:03:37 +0900
Processing by EventsController#index as HTML
  Rendering events/index.html.erb within layouts/application
  [1m[36mEvent Load (0.1ms)[0m  [1m[34mSELECT "events".* FROM "events"[0m
  ↳ app/views/events/index.html.erb:17
  Rendered events/index.html.erb within layouts/application (2.7ms)
Completed 200 OK in 47ms (Views: 45.4ms | ActiveRecord: 0.1ms)


Started GET "/events/1" for ::1 at 2019-05-05 04:03:48 +0900
Processing by EventsController#show as HTML
  Parameters: {"id"=>"1"}
  [1m[36mEvent Load (0.2ms)[0m  [1m[34mSELECT  "events".* FROM "events" WHERE "events"."id" = ? LIMIT ?[0m  [["id", 1], ["LIMIT", 1]]
  ↳ app/controllers/events_controller.rb:67
  Rendering events/show.html.erb within layouts/application
  Rendered events/show.html.erb within layouts/application (1.2ms)
Completed 200 OK in 59ms (Views: 54.2ms | ActiveRecord: 0.2ms)


Started GET "/events" for ::1 at 2019-05-05 04:03:49 +0900
Processing by EventsController#index as HTML
  Rendering events/index.html.erb within layouts/application
  [1m[36mEvent Load (0.2ms)[0m  [1m[34mSELECT "events".* FROM "events"[0m
  ↳ app/views/events/index.html.erb:17
  Rendered events/index.html.erb within layouts/application (2.3ms)
Completed 200 OK in 63ms (Views: 55.7ms | ActiveRecord: 0.2ms)


Started GET "/events" for ::1 at 2019-05-05 04:04:34 +0900
Processing by EventsController#index as HTML
  Rendering events/index.html.erb within layouts/application
  [1m[36mEvent Load (0.1ms)[0m  [1m[34mSELECT "events".* FROM "events"[0m
  ↳ app/views/events/index.html.erb:17
  Rendered events/index.html.erb within layouts/application (1.7ms)
Completed 200 OK in 36ms (Views: 34.1ms | ActiveRecord: 0.1ms)


Started GET "/events" for ::1 at 2019-05-05 04:07:15 +0900
Processing by EventsController#index as HTML
  Rendering events/index.html.erb within layouts/application
  [1m[36mEvent Load (0.1ms)[0m  [1m[34mSELECT "events".* FROM "events"[0m
  ↳ app/views/events/index.html.erb:17
  Rendered events/index.html.erb within layouts/application (1.8ms)
Completed 500 Internal Server Error in 19ms (ActiveRecord: 0.1ms)


  
ActionView::Template::Error (Invalid CSS after " */": expected "{", was ""):
     5:     <%= csrf_meta_tags %>
     6:     <%= csp_meta_tag %>
     7: 
     8:     <%= stylesheet_link_tag    'application', media: 'all', 'data-turbolinks-track': 'reload' %>
     9:     <%= javascript_include_tag 'application', 'data-turbolinks-track': 'reload' %>
    10:   </head>
    11: 
  
app/assets/stylesheets/calendar.scss:9
app/views/layouts/application.html.erb:8:in `_app_views_layouts_application_html_erb___3709777888442495638_70337205259460'
Started GET "/events" for ::1 at 2019-05-05 04:07:38 +0900
Processing by EventsController#index as HTML
  Rendering events/index.html.erb within layouts/application
  [1m[36mEvent Load (0.1ms)[0m  [1m[34mSELECT "events".* FROM "events"[0m
  ↳ app/views/events/index.html.erb:17
  Rendered events/index.html.erb within layouts/application (2.7ms)
Completed 200 OK in 39ms (Views: 37.1ms | ActiveRecord: 0.1ms)


Started GET "/events/new" for ::1 at 2019-05-05 04:07:40 +0900
Processing by EventsController#new as HTML
  Rendering events/new.html.erb within layouts/application
  Rendered events/_form.html.erb (7.1ms)
  Rendered events/new.html.erb within layouts/application (9.5ms)
Completed 200 OK in 62ms (Views: 58.3ms | ActiveRecord: 0.0ms)


Started POST "/events" for ::1 at 2019-05-05 04:07:49 +0900
Processing by EventsController#create as HTML
  Parameters: {"utf8"=>"✓", "authenticity_token"=>"zJqJxrup2YGLPUXT0OLfzGetrWwuSXYTupF+fvIuaFQ2wqj7+IpKqYejszu5uwDMPOUG/72GJXMtDjyjeyapTw==", "event"=>{"title"=>"a", "description"=>"b", "start_date(1i)"=>"2019", "start_date(2i)"=>"5", "start_date(3i)"=>"4", "start_date(4i)"=>"19", "start_date(5i)"=>"07", "end_date(1i)"=>"2019", "end_date(2i)"=>"5", "end_date(3i)"=>"4", "end_date(4i)"=>"20", "end_date(5i)"=>"07"}, "commit"=>"Create Event"}
  [1m[35m (0.0ms)[0m  [1m[36mbegin transaction[0m
  ↳ app/controllers/events_controller.rb:30
  [1m[36mEvent Create (0.3ms)[0m  [1m[32mINSERT INTO "events" ("title", "description", "start_date", "end_date", "created_at", "updated_at") VALUES (?, ?, ?, ?, ?, ?)[0m  [["title", "a"], ["description", "b"], ["start_date", "2019-05-04 19:07:00"], ["end_date", "2019-05-04 20:07:00"], ["created_at", "2019-05-04 19:07:49.295838"], ["updated_at", "2019-05-04 19:07:49.295838"]]
  ↳ app/controllers/events_controller.rb:30
  [1m[35m (1.7ms)[0m  [1m[36mcommit transaction[0m
  ↳ app/controllers/events_controller.rb:30
Redirected to http://localhost:3000/events/2
Completed 302 Found in 5ms (ActiveRecord: 2.0ms)


Started GET "/events/2" for ::1 at 2019-05-05 04:07:49 +0900
Processing by EventsController#show as HTML
  Parameters: {"id"=>"2"}
  [1m[36mEvent Load (0.3ms)[0m  [1m[34mSELECT  "events".* FROM "events" WHERE "events"."id" = ? LIMIT ?[0m  [["id", 2], ["LIMIT", 1]]
  ↳ app/controllers/events_controller.rb:67
  Rendering events/show.html.erb within layouts/application
  Rendered events/show.html.erb within layouts/application (1.1ms)
Completed 200 OK in 37ms (Views: 32.3ms | ActiveRecord: 0.3ms)


Started GET "/events" for ::1 at 2019-05-05 04:07:51 +0900
Processing by EventsController#index as HTML
  Rendering events/index.html.erb within layouts/application
  [1m[36mEvent Load (0.1ms)[0m  [1m[34mSELECT "events".* FROM "events"[0m
  ↳ app/views/events/index.html.erb:17
  Rendered events/index.html.erb within layouts/application (2.0ms)
Completed 200 OK in 49ms (Views: 46.2ms | ActiveRecord: 0.1ms)


Started GET "/events" for ::1 at 2019-05-05 04:12:00 +0900
Processing by EventsController#index as HTML
  Rendering events/index.html.erb within layouts/application
  [1m[36mEvent Load (0.1ms)[0m  [1m[34mSELECT "events".* FROM "events"[0m
  ↳ app/views/events/index.html.erb:17
  Rendered events/index.html.erb within layouts/application (2.3ms)
Completed 200 OK in 32ms (Views: 30.5ms | ActiveRecord: 0.1ms)


Started GET "/events" for ::1 at 2019-05-05 04:23:28 +0900
Processing by EventsController#index as HTML
  Rendering events/index.html.erb within layouts/application
  [1m[36mEvent Load (0.4ms)[0m  [1m[34mSELECT "events".* FROM "events"[0m
  ↳ app/views/events/index.html.erb:17
  Rendered events/index.html.erb within layouts/application (2.6ms)
Completed 200 OK in 53ms (Views: 50.4ms | ActiveRecord: 0.4ms)


Started GET "/events" for ::1 at 2019-05-05 15:08:26 +0900
Processing by EventsController#index as HTML
  Rendering events/index.html.erb within layouts/application
  [1m[36mEvent Load (0.4ms)[0m  [1m[34mSELECT "events".* FROM "events"[0m
  ↳ app/views/events/index.html.erb:17
  Rendered events/index.html.erb within layouts/application (2.7ms)
Completed 200 OK in 47ms (Views: 44.5ms | ActiveRecord: 0.4ms)


Started GET "/events" for ::1 at 2019-05-05 15:08:47 +0900
  [1m[35m (0.4ms)[0m  [1m[34mSELECT "schema_migrations"."version" FROM "schema_migrations" ORDER BY "schema_migrations"."version" ASC[0m
  ↳ /Users/mac/.rvm/gems/ruby-2.3.0/gems/activerecord-5.2.3/lib/active_record/log_subscriber.rb:98
Processing by EventsController#index as HTML
  Rendering events/index.html.erb within layouts/application
  [1m[36mEvent Load (0.2ms)[0m  [1m[34mSELECT "events".* FROM "events"[0m
  ↳ app/views/events/index.html.erb:17
  Rendered events/index.html.erb within layouts/application (16.6ms)
Completed 200 OK in 541ms (Views: 528.8ms | ActiveRecord: 0.7ms)


Started GET "/events" for ::1 at 2019-05-05 15:10:38 +0900
Processing by EventsController#index as HTML
  Rendering events/index.html.erb within layouts/application
  [1m[36mEvent Load (0.1ms)[0m  [1m[34mSELECT "events".* FROM "events"[0m
  ↳ app/views/events/index.html.erb:17
  Rendered events/index.html.erb within layouts/application (2.0ms)
Completed 200 OK in 43ms (Views: 41.1ms | ActiveRecord: 0.1ms)


Started GET "/events" for ::1 at 2019-05-05 15:15:25 +0900
Processing by EventsController#index as HTML
  Rendering events/index.html.erb within layouts/application
  [1m[36mEvent Load (0.1ms)[0m  [1m[34mSELECT "events".* FROM "events"[0m
  ↳ app/views/events/index.html.erb:17
  Rendered events/index.html.erb within layouts/application (1.9ms)
Completed 200 OK in 57ms (Views: 55.4ms | ActiveRecord: 0.1ms)


Started GET "/events" for ::1 at 2019-05-05 15:15:52 +0900
Processing by EventsController#index as HTML
  Rendering events/index.html.erb within layouts/application
  [1m[36mEvent Load (0.1ms)[0m  [1m[34mSELECT "events".* FROM "events"[0m
  ↳ app/views/events/index.html.erb:17
  Rendered events/index.html.erb within layouts/application (2.2ms)
Completed 200 OK in 37ms (Views: 35.1ms | ActiveRecord: 0.1ms)


Started GET "/events" for ::1 at 2019-05-05 15:15:53 +0900
Processing by EventsController#index as HTML
  Rendering events/index.html.erb within layouts/application
  [1m[36mEvent Load (0.1ms)[0m  [1m[34mSELECT "events".* FROM "events"[0m
  ↳ app/views/events/index.html.erb:17
  Rendered events/index.html.erb within layouts/application (5.0ms)
Completed 200 OK in 73ms (Views: 70.9ms | ActiveRecord: 0.1ms)


Started GET "/events" for ::1 at 2019-05-05 15:21:20 +0900
Processing by EventsController#index as HTML
  Rendering events/index.html.erb within layouts/application
  [1m[36mEvent Load (0.2ms)[0m  [1m[34mSELECT "events".* FROM "events"[0m
  ↳ app/views/events/index.html.erb:17
  Rendered events/index.html.erb within layouts/application (4.2ms)
Completed 200 OK in 210ms (Views: 208.3ms | ActiveRecord: 0.2ms)


Started GET "/events" for ::1 at 2019-05-05 15:23:01 +0900
Processing by EventsController#index as HTML
  Rendering events/index.html.erb within layouts/application
  [1m[36mEvent Load (0.1ms)[0m  [1m[34mSELECT "events".* FROM "events"[0m
  ↳ app/views/events/index.html.erb:17
  Rendered events/index.html.erb within layouts/application (3.9ms)
Completed 200 OK in 197ms (Views: 194.6ms | ActiveRecord: 0.1ms)


Started GET "/events" for ::1 at 2019-05-05 15:26:45 +0900
Processing by EventsController#index as HTML
  Rendering events/index.html.erb within layouts/application
  [1m[36mEvent Load (0.1ms)[0m  [1m[34mSELECT "events".* FROM "events"[0m
  ↳ app/views/events/index.html.erb:17
  Rendered events/index.html.erb within layouts/application (2.5ms)
Completed 500 Internal Server Error in 24ms (ActiveRecord: 0.1ms)


  
ActionView::Template::Error (require_self can only be called once per source file):
     5:     <%= csrf_meta_tags %>
     6:     <%= csp_meta_tag %>
     7: 
     8:     <%= stylesheet_link_tag    'application', media: 'all', 'data-turbolinks-track': 'reload' %>
     9:     <%= javascript_include_tag 'application', 'data-turbolinks-track': 'reload' %>
    10:   </head>
    11: 
  
app/assets/stylesheets/application.scss:17
app/views/layouts/application.html.erb:8:in `_app_views_layouts_application_html_erb__159876682893551141_70198647382960'
Started GET "/events" for ::1 at 2019-05-05 15:27:30 +0900
Processing by EventsController#index as HTML
  Rendering events/index.html.erb within layouts/application
  [1m[36mEvent Load (0.1ms)[0m  [1m[34mSELECT "events".* FROM "events"[0m
  ↳ app/views/events/index.html.erb:17
  Rendered events/index.html.erb within layouts/application (2.1ms)
Completed 500 Internal Server Error in 14ms (ActiveRecord: 0.1ms)


  
ActionView::Template::Error (require_self can only be called once per source file):
     5:     <%= csrf_meta_tags %>
     6:     <%= csp_meta_tag %>
     7: 
     8:     <%= stylesheet_link_tag    'application', media: 'all', 'data-turbolinks-track': 'reload' %>
     9:     <%= javascript_include_tag 'application', 'data-turbolinks-track': 'reload' %>
    10:   </head>
    11: 
  
app/assets/stylesheets/application.css:17
app/views/layouts/application.html.erb:8:in `_app_views_layouts_application_html_erb__159876682893551141_70198647793740'
Started GET "/events" for ::1 at 2019-05-05 15:28:20 +0900
Processing by EventsController#index as HTML
  Rendering events/index.html.erb within layouts/application
  [1m[36mEvent Load (0.1ms)[0m  [1m[34mSELECT "events".* FROM "events"[0m
  ↳ app/views/events/index.html.erb:17
  Rendered events/index.html.erb within layouts/application (2.2ms)
Completed 500 Internal Server Error in 12ms (ActiveRecord: 0.1ms)


  
ActionView::Template::Error (require_self can only be called once per source file):
     5:     <%= csrf_meta_tags %>
     6:     <%= csp_meta_tag %>
     7: 
     8:     <%= stylesheet_link_tag    'application', media: 'all', 'data-turbolinks-track': 'reload' %>
     9:     <%= javascript_include_tag 'application', 'data-turbolinks-track': 'reload' %>
    10:   </head>
    11: 
  
app/assets/stylesheets/application.css:17
app/views/layouts/application.html.erb:8:in `_app_views_layouts_application_html_erb__159876682893551141_70198610023740'
Started GET "/events" for ::1 at 2019-05-05 15:30:27 +0900
Processing by EventsController#index as HTML
  Rendering events/index.html.erb within layouts/application
  [1m[36mEvent Load (0.2ms)[0m  [1m[34mSELECT "events".* FROM "events"[0m
  ↳ app/views/events/index.html.erb:17
  Rendered events/index.html.erb within layouts/application (4.1ms)
Completed 200 OK in 225ms (Views: 222.7ms | ActiveRecord: 0.2ms)


Started GET "/events" for ::1 at 2019-05-05 15:31:09 +0900
Processing by EventsController#index as HTML
  Rendering events/index.html.erb within layouts/application
  [1m[36mEvent Load (0.1ms)[0m  [1m[34mSELECT "events".* FROM "events"[0m
  ↳ app/views/events/index.html.erb:17
  Rendered events/index.html.erb within layouts/application (3.0ms)
Completed 200 OK in 37ms (Views: 33.3ms | ActiveRecord: 0.1ms)


Started GET "/events" for ::1 at 2019-05-05 15:31:48 +0900
Processing by EventsController#index as HTML
  Rendering events/index.html.erb within layouts/application
  [1m[36mEvent Load (0.1ms)[0m  [1m[34mSELECT "events".* FROM "events"[0m
  ↳ app/views/events/index.html.erb:17
  Rendered events/index.html.erb within layouts/application (2.1ms)
Completed 200 OK in 236ms (Views: 234.1ms | ActiveRecord: 0.1ms)


Started GET "/events" for ::1 at 2019-05-05 15:31:52 +0900
Processing by EventsController#index as HTML
  Rendering events/index.html.erb within layouts/application
  [1m[36mEvent Load (0.1ms)[0m  [1m[34mSELECT "events".* FROM "events"[0m
  ↳ app/views/events/index.html.erb:17
  Rendered events/index.html.erb within layouts/application (3.5ms)
Completed 200 OK in 42ms (Views: 39.0ms | ActiveRecord: 0.1ms)


Started GET "/events" for ::1 at 2019-05-05 15:32:17 +0900
Processing by EventsController#index as HTML
  Rendering events/index.html.erb within layouts/application
  [1m[36mEvent Load (0.1ms)[0m  [1m[34mSELECT "events".* FROM "events"[0m
  ↳ app/views/events/index.html.erb:17
  Rendered events/index.html.erb within layouts/application (2.4ms)
Completed 200 OK in 85ms (Views: 83.4ms | ActiveRecord: 0.1ms)


Started GET "/events" for ::1 at 2019-05-05 15:35:28 +0900
Processing by EventsController#index as HTML
  Rendering events/index.html.erb within layouts/application
  [1m[36mEvent Load (0.1ms)[0m  [1m[34mSELECT "events".* FROM "events"[0m
  ↳ app/views/events/index.html.erb:17
  Rendered events/index.html.erb within layouts/application (2.9ms)
Completed 200 OK in 207ms (Views: 204.1ms | ActiveRecord: 0.1ms)


Started GET "/events" for ::1 at 2019-05-05 15:37:51 +0900
Processing by EventsController#index as HTML
  Rendering events/index.html.erb within layouts/application
  [1m[36mEvent Load (0.1ms)[0m  [1m[34mSELECT "events".* FROM "events"[0m
  ↳ app/views/events/index.html.erb:17
  Rendered events/index.html.erb within layouts/application (2.2ms)
Completed 200 OK in 207ms (Views: 205.2ms | ActiveRecord: 0.1ms)


Started GET "/events" for ::1 at 2019-05-05 15:50:17 +0900
Processing by EventsController#index as HTML
  Rendering events/index.html.erb within layouts/application
  [1m[36mEvent Load (0.4ms)[0m  [1m[34mSELECT "events".* FROM "events"[0m
  ↳ app/views/events/index.html.erb:17
  Rendered events/index.html.erb within layouts/application (3.7ms)
Completed 200 OK in 234ms (Views: 231.2ms | ActiveRecord: 0.4ms)


Started GET "/events" for ::1 at 2019-05-05 15:53:09 +0900
  [1m[35m (0.4ms)[0m  [1m[34mSELECT "schema_migrations"."version" FROM "schema_migrations" ORDER BY "schema_migrations"."version" ASC[0m
  ↳ /Users/mac/.rvm/gems/ruby-2.3.0/gems/activerecord-5.2.3/lib/active_record/log_subscriber.rb:98
Processing by EventsController#index as HTML
  Rendering events/index.html.erb within layouts/application
  [1m[36mEvent Load (0.4ms)[0m  [1m[34mSELECT "events".* FROM "events"[0m
  ↳ app/views/events/index.html.erb:17
  Rendered events/index.html.erb within layouts/application (22.7ms)
Completed 200 OK in 615ms (Views: 603.1ms | ActiveRecord: 0.9ms)


Started GET "/events" for ::1 at 2019-05-05 15:55:32 +0900
  [1m[35m (0.1ms)[0m  [1m[34mSELECT "schema_migrations"."version" FROM "schema_migrations" ORDER BY "schema_migrations"."version" ASC[0m
  ↳ /Users/mac/.rvm/gems/ruby-2.3.0/gems/activerecord-5.2.3/lib/active_record/log_subscriber.rb:98
Processing by EventsController#index as HTML
  Rendering events/index.html.erb within layouts/application
  [1m[36mEvent Load (0.2ms)[0m  [1m[34mSELECT "events".* FROM "events"[0m
  ↳ app/views/events/index.html.erb:17
  Rendered events/index.html.erb within layouts/application (13.2ms)
Completed 200 OK in 655ms (Views: 640.9ms | ActiveRecord: 1.2ms)


Started GET "/events/1" for ::1 at 2019-05-05 15:59:43 +0900
Processing by EventsController#show as HTML
  Parameters: {"id"=>"1"}
  [1m[36mEvent Load (0.3ms)[0m  [1m[34mSELECT  "events".* FROM "events" WHERE "events"."id" = ? LIMIT ?[0m  [["id", 1], ["LIMIT", 1]]
  ↳ app/controllers/events_controller.rb:67
  Rendering events/show.html.erb within layouts/application
  Rendered events/show.html.erb within layouts/application (1.7ms)
Completed 200 OK in 60ms (Views: 45.3ms | ActiveRecord: 0.3ms)


Started GET "/events/1/edit" for ::1 at 2019-05-05 15:59:46 +0900
Processing by EventsController#edit as HTML
  Parameters: {"id"=>"1"}
  [1m[36mEvent Load (0.1ms)[0m  [1m[34mSELECT  "events".* FROM "events" WHERE "events"."id" = ? LIMIT ?[0m  [["id", 1], ["LIMIT", 1]]
  ↳ app/controllers/events_controller.rb:67
  Rendering events/edit.html.erb within layouts/application
  Rendered events/_form.html.erb (26.9ms)
  Rendered events/edit.html.erb within layouts/application (29.6ms)
Completed 200 OK in 88ms (Views: 84.2ms | ActiveRecord: 0.1ms)


Started GET "/events" for ::1 at 2019-05-05 15:59:48 +0900
Processing by EventsController#index as HTML
  Rendering events/index.html.erb within layouts/application
  [1m[36mEvent Load (0.1ms)[0m  [1m[34mSELECT "events".* FROM "events"[0m
  ↳ app/views/events/index.html.erb:17
  Rendered events/index.html.erb within layouts/application (3.2ms)
Completed 200 OK in 56ms (Views: 54.1ms | ActiveRecord: 0.1ms)


Started GET "/events/new" for ::1 at 2019-05-05 15:59:50 +0900
Processing by EventsController#new as HTML
  Rendering events/new.html.erb within layouts/application
  Rendered events/_form.html.erb (7.2ms)
  Rendered events/new.html.erb within layouts/application (9.3ms)
Completed 200 OK in 53ms (Views: 49.7ms | ActiveRecord: 0.0ms)


Started GET "/events" for ::1 at 2019-05-05 15:59:51 +0900
Processing by EventsController#index as HTML
  Rendering events/index.html.erb within layouts/application
  [1m[36mEvent Load (0.1ms)[0m  [1m[34mSELECT "events".* FROM "events"[0m
  ↳ app/views/events/index.html.erb:17
  Rendered events/index.html.erb within layouts/application (2.7ms)
Completed 200 OK in 46ms (Views: 42.7ms | ActiveRecord: 0.1ms)


Started DELETE "/events/2" for ::1 at 2019-05-05 15:59:55 +0900
Processing by EventsController#destroy as HTML
  Parameters: {"authenticity_token"=>"XWC6L9gUTAMeU+KPKyVyLQVNA7X+vHmuinEDCxoadh95VR+m3DdsHG9SaAchPxsbPqagZLnzkwDsFHbTP1C2lg==", "id"=>"2"}
  [1m[36mEvent Load (0.1ms)[0m  [1m[34mSELECT  "events".* FROM "events" WHERE "events"."id" = ? LIMIT ?[0m  [["id", 2], ["LIMIT", 1]]
  ↳ app/controllers/events_controller.rb:67
  [1m[35m (0.1ms)[0m  [1m[36mbegin transaction[0m
  ↳ app/controllers/events_controller.rb:57
  [1m[36mEvent Destroy (0.4ms)[0m  [1m[31mDELETE FROM "events" WHERE "events"."id" = ?[0m  [["id", 2]]
  ↳ app/controllers/events_controller.rb:57
  [1m[35m (0.7ms)[0m  [1m[36mcommit transaction[0m
  ↳ app/controllers/events_controller.rb:57
Redirected to http://localhost:3000/events
Completed 302 Found in 5ms (ActiveRecord: 1.3ms)


Started GET "/events" for ::1 at 2019-05-05 15:59:55 +0900
Processing by EventsController#index as HTML
  Rendering events/index.html.erb within layouts/application
  [1m[36mEvent Load (0.2ms)[0m  [1m[34mSELECT "events".* FROM "events"[0m
  ↳ app/views/events/index.html.erb:17
  Rendered events/index.html.erb within layouts/application (2.3ms)
Completed 200 OK in 44ms (Views: 38.4ms | ActiveRecord: 0.2ms)


Started GET "/events" for ::1 at 2019-05-05 16:11:32 +0900
  [1m[35m (0.6ms)[0m  [1m[34mSELECT "schema_migrations"."version" FROM "schema_migrations" ORDER BY "schema_migrations"."version" ASC[0m
  ↳ /Users/mac/.rvm/gems/ruby-2.3.0/gems/activerecord-5.2.3/lib/active_record/log_subscriber.rb:98
Processing by EventsController#index as HTML
  Rendering events/index.html.erb within layouts/application
  [1m[36mEvent Load (0.4ms)[0m  [1m[34mSELECT "events".* FROM "events"[0m
  ↳ app/views/events/index.html.erb:17
  Rendered events/index.html.erb within layouts/application (14.8ms)
Completed 200 OK in 374ms (Views: 361.7ms | ActiveRecord: 0.9ms)


Started GET "/events" for ::1 at 2019-05-05 16:11:37 +0900
Processing by EventsController#index as HTML
  Rendering events/index.html.erb within layouts/application
  [1m[36mEvent Load (0.1ms)[0m  [1m[34mSELECT "events".* FROM "events"[0m
  ↳ app/views/events/index.html.erb:17
  Rendered events/index.html.erb within layouts/application (2.1ms)
Completed 200 OK in 32ms (Views: 29.9ms | ActiveRecord: 0.1ms)


Started GET "/events" for ::1 at 2019-05-05 16:11:45 +0900
Processing by EventsController#index as HTML
  Rendering events/index.html.erb within layouts/application
  [1m[36mEvent Load (0.1ms)[0m  [1m[34mSELECT "events".* FROM "events"[0m
  ↳ app/views/events/index.html.erb:17
  Rendered events/index.html.erb within layouts/application (1.8ms)
Completed 200 OK in 35ms (Views: 32.7ms | ActiveRecord: 0.1ms)


